==713== NVPROF is profiling process 713, command: ./jacobi
==713== Profiling application: ./jacobi
==713== Profiling result:
"Type","Time(%)","Time","Calls","Avg","Min","Max","Name"
,%,ms,,us,us,ms,
"GPU activities",67.165359,341.776835,1000,341.776000,327.102000,5.223389,"calcNext_51_gpu"
"GPU activities",31.862427,162.134761,1000,162.134000,157.919000,0.167167,"swap_69_gpu"
"GPU activities",0.539890,2.747279,1000,2.747000,2.464000,0.007776,"calcNext_56_gpu__red"
"GPU activities",0.230549,1.173171,1000,1.173000,1.119000,0.002272,"[CUDA memcpy DtoH]"
"GPU activities",0.201775,1.026748,1000,1.026000,0.960000,0.001408,"[CUDA memcpy HtoD]"
"API calls",39.856807,348.969564,1000,348.969000,14.477000,5.222848,"cuMemcpyDtoHAsync"
"API calls",25.949770,227.205353,1,227205.353000,227205.353000,227.205353,"cuDevicePrimaryCtxRetain"
"API calls",19.351161,169.430686,3000,56.476000,1.326000,0.618350,"cuStreamSynchronize"
"API calls",9.126000,79.903449,1,79903.449000,79903.449000,79.903449,"cuDevicePrimaryCtxRelease"
"API calls",2.355073,20.620032,3000,6.873000,4.837000,0.325338,"cuLaunchKernel"
"API calls",2.337770,20.468535,1,20468.535000,20468.535000,20.468535,"cuMemAllocManaged"
"API calls",0.625792,5.479177,1000,5.479000,4.701000,0.022663,"cuMemcpyHtoDAsync"
"API calls",0.157054,1.375098,2,687.549000,675.575000,0.699523,"cuDeviceTotalMem"
"API calls",0.149654,1.310310,1,1310.310000,1310.310000,1.310310,"cuMemAllocHost"
"API calls",0.063728,0.557976,3,185.992000,5.536000,0.542374,"cuMemAlloc"
"API calls",0.021872,0.191499,1,191.499000,191.499000,0.191499,"cuModuleLoadDataEx"
"API calls",0.001786,0.015635,1,15.635000,15.635000,0.015635,"cuStreamCreate"
"API calls",0.000924,0.008091,2,4.045000,1.422000,0.006669,"cuDeviceGetPCIBusId"
"API calls",0.000836,0.007323,3,2.441000,0.305000,0.006181,"cuCtxSetCurrent"
"API calls",0.000561,0.004909,3,1.636000,0.198000,0.004217,"cuModuleGetFunction"
"API calls",0.000490,0.004288,2,2.144000,0.343000,0.003945,"cuPointerGetAttributes"
"API calls",0.000248,0.002169,3,0.723000,0.671000,0.000824,"cuDeviceGetCount"
"API calls",0.000151,0.001323,4,0.330000,0.192000,0.000566,"cuDeviceGetAttribute"
"API calls",0.000141,0.001232,2,0.616000,0.313000,0.000919,"cuDeviceGet"
"API calls",0.000068,0.000592,1,0.592000,0.592000,0.000592,"cuDriverGetVersion"
"API calls",0.000061,0.000535,1,0.535000,0.535000,0.000535,"cuDeviceComputeCapability"
"API calls",0.000054,0.000473,1,0.473000,0.473000,0.000473,"cuCtxGetCurrent"
"OpenACC (excl)",62.017455,349.990899,1000,349.990000,15.744000,5.225044,"acc_enqueue_download@laplace2d.c:51"
"OpenACC (excl)",29.477379,166.353399,1000,166.353000,161.165000,0.450261,"acc_wait@laplace2d.c:69"
"OpenACC (excl)",1.647785,9.299150,1000,9.299000,8.378000,0.026211,"acc_enqueue_launch@laplace2d.c:69 (swap_69_gpu)"
"OpenACC (excl)",1.555791,8.779993,1000,8.779000,7.685000,0.327228,"acc_enqueue_launch@laplace2d.c:51 (calcNext_51_gpu)"
"OpenACC (excl)",1.138416,6.424566,1000,6.424000,5.855000,0.011979,"acc_enqueue_launch@laplace2d.c:51 (calcNext_56_gpu__red)"
"OpenACC (excl)",1.117165,6.304635,1000,6.304000,5.493000,0.025758,"acc_enqueue_upload@laplace2d.c:47"
"OpenACC (excl)",1.037426,5.854636,2000,2.927000,2.095000,0.619695,"acc_wait@laplace2d.c:51"
"OpenACC (excl)",0.651475,3.676552,1000,3.676000,3.361000,0.055615,"acc_compute_construct@laplace2d.c:47"
"OpenACC (excl)",0.346525,1.955589,1000,1.955000,1.732000,0.016053,"acc_compute_construct@laplace2d.c:65"
"OpenACC (excl)",0.302316,1.706098,1000,1.706000,0.982000,0.600349,"acc_enter_data@laplace2d.c:65"
"OpenACC (excl)",0.270386,1.525906,1000,1.525000,1.299000,0.021617,"acc_exit_data@laplace2d.c:47"
"OpenACC (excl)",0.218153,1.231128,1000,1.231000,1.053000,0.004929,"acc_exit_data@laplace2d.c:65"
"OpenACC (excl)",0.178769,1.008868,1000,1.008000,0.864000,0.047028,"acc_enter_data@laplace2d.c:47"
"OpenACC (excl)",0.040960,0.231154,1,231.154000,231.154000,0.231154,"acc_device_init"

==713== System profiling result:
"","Device","Count","Avg","Min","Max"
"SM Clock (MHz)","Tesla P100-PCIE-16GB (0)",10,1328.000000,1328.000000,1328.000000
"Memory Clock (MHz)","Tesla P100-PCIE-16GB (0)",10,715.000000,715.000000,715.000000
"Temperature (C)","Tesla P100-PCIE-16GB (0)",20,31.650000,31.000000,32.000000
"Power (mW)","Tesla P100-PCIE-16GB (0)",20,50614.050000,36150.000000,60026.000000

==713== Unified Memory profiling result:
"Device","Count","Avg Size","Min Size","Max Size","Total Size","Total Time",""
"Tesla P100-PCIE-16GB (0)",124,138.322266KB,4.000000KB,0.996094MB,16.750000MB,0.000000,"Host To Device"
"Tesla P100-PCIE-16GB (0)",,,,,53B,0.000000,"Gpu page fault groups"
Total CPU Page faults: 62
