==26490== NVPROF is profiling process 26490, command: ./matmul
==26490== Profiling application: ./matmul
==26490== Profiling result:
"Type","Time(%)","Time","Calls","Avg","Min","Max","Name"
,%,ms,,ms,ms,ms,
"GPU activities",89.585693,95.946065,1,95.946065,95.946065,95.946065,"matmul_20_gpu"
"GPU activities",8.030277,8.600408,6,1.433401,1.427988,1.438868,"[CUDA memcpy HtoD]"
"GPU activities",2.384030,2.553290,3,0.851096,0.002336,1.275509,"[CUDA memcpy DtoH]"
"API calls",47.977751,219.848170,1,219.848170,219.848170,219.848170,"cuDevicePrimaryCtxRetain"
"API calls",21.530014,98.656857,3,32.885619,1.276879,95.945252,"cuStreamSynchronize"
"API calls",19.904589,91.208680,1,91.208680,91.208680,91.208680,"cuDevicePrimaryCtxRelease"
"API calls",6.893236,31.586835,1,31.586835,31.586835,31.586835,"cuMemHostAlloc"
"API calls",2.335074,10.699998,1,10.699998,10.699998,10.699998,"cuMemFreeHost"
"API calls",0.729331,3.342009,4,0.835502,0.192377,1.464817,"cuMemAlloc"
"API calls",0.287247,1.316251,8,0.164531,0.001435,1.287284,"cuEventSynchronize"
"API calls",0.264114,1.210250,1,1.210250,1.210250,1.210250,"cuMemAllocHost"
"API calls",0.024131,0.110576,1,0.110576,0.110576,0.110576,"cuModuleLoadDataEx"
"API calls",0.017429,0.079864,6,0.013310,0.007198,0.032769,"cuMemcpyHtoDAsync"
"API calls",0.011795,0.054049,1,0.054049,0.054049,0.054049,"cuLaunchKernel"
"API calls",0.006790,0.031113,10,0.003111,0.001590,0.007274,"cuEventRecord"
"API calls",0.006128,0.028082,3,0.009360,0.005593,0.014421,"cuMemcpyDtoHAsync"
"API calls",0.003050,0.013977,1,0.013977,0.013977,0.013977,"cuStreamCreate"
"API calls",0.002184,0.010010,4,0.002502,0.000738,0.004797,"cuEventCreate"
"API calls",0.001848,0.008466,3,0.002822,0.002425,0.003512,"cuPointerGetAttributes"
"API calls",0.001754,0.008039,2,0.004019,0.001265,0.006774,"cuDeviceGetPCIBusId"
"API calls",0.001419,0.006504,3,0.002168,0.000321,0.005373,"cuCtxSetCurrent"
"API calls",0.000587,0.002691,1,0.002691,0.002691,0.002691,"cuModuleGetFunction"
"API calls",0.000575,0.002633,3,0.000877,0.000751,0.001065,"cuDeviceGetCount"
"API calls",0.000379,0.001736,4,0.000434,0.000189,0.000785,"cuDeviceGetAttribute"
"API calls",0.000285,0.001305,2,0.000652,0.000272,0.001033,"cuDeviceGet"
"API calls",0.000107,0.000492,1,0.000492,0.000492,0.000492,"cuCtxGetCurrent"
"API calls",0.000091,0.000416,1,0.000416,0.000416,0.000416,"cuDeviceComputeCapability"
"API calls",0.000090,0.000414,1,0.000414,0.000414,0.000414,"cuDriverGetVersion"
"OpenACC (excl)",63.938406,97.385043,2,48.692521,1.438036,95.947007,"acc_wait@matrix-acc-tile.c:20"
"OpenACC (excl)",31.029727,47.261599,1,47.261599,47.261599,47.261599,"acc_enter_data@matrix-acc-tile.c:20"
"OpenACC (excl)",2.408928,3.669056,1,3.669056,3.669056,3.669056,"acc_exit_data@matrix-acc-tile.c:20"
"OpenACC (excl)",2.366015,3.603695,1,3.603695,3.603695,3.603695,"acc_wait@matrix-acc-tile.c:28"
"OpenACC (excl)",0.099281,0.151215,1,0.151215,0.151215,0.151215,"acc_device_init@matrix-acc-tile.c:20"
"OpenACC (excl)",0.070956,0.108073,6,0.018012,0.009489,0.048532,"acc_enqueue_upload@matrix-acc-tile.c:20"
"OpenACC (excl)",0.039985,0.060902,1,0.060902,0.060902,0.060902,"acc_enqueue_launch@matrix-acc-tile.c:20 (matmul_20_gpu)"
"OpenACC (excl)",0.034815,0.053027,3,0.017675,0.009160,0.031532,"acc_enqueue_download@matrix-acc-tile.c:28"
"OpenACC (excl)",0.011887,0.018105,1,0.018105,0.018105,0.018105,"acc_compute_construct@matrix-acc-tile.c:20"
"OpenACC (excl)",0.000000,0.000000,3,0.000000,0.000000,0.000000,"acc_alloc@matrix-acc-tile.c:20"
"OpenACC (excl)",0.000000,0.000000,3,0.000000,0.000000,0.000000,"acc_delete@matrix-acc-tile.c:28"
"OpenACC (excl)",0.000000,0.000000,3,0.000000,0.000000,0.000000,"acc_create@matrix-acc-tile.c:20"

==26490== System profiling result:
"","Device","Count","Avg","Min","Max"
"SM Clock (MHz)","Tesla P100-PCIE-16GB (0)",28,1328.000000,1328.000000,1328.000000
"Memory Clock (MHz)","Tesla P100-PCIE-16GB (0)",28,715.000000,715.000000,715.000000
"Temperature (C)","Tesla P100-PCIE-16GB (0)",55,28.036364,28.000000,29.000000
"Power (mW)","Tesla P100-PCIE-16GB (0)",55,47904.090909,35795.000000,124872.000000
