==26692== NVPROF is profiling process 26692, command: ./matmul
==26692== Profiling application: ./matmul
==26692== Profiling result:
"Type","Time(%)","Time","Calls","Avg","Min","Max","Name"
,%,ms,,ms,ms,ms,
"GPU activities",94.803771,813.325344,1,813.325344,813.325344,813.325344,"matmul_20_gpu"
"GPU activities",4.006504,34.371959,24,1.432164,1.423604,1.437171,"[CUDA memcpy HtoD]"
"GPU activities",1.189725,10.206696,9,1.134077,0.002848,1.276661,"[CUDA memcpy DtoH]"
"API calls",68.521937,816.028551,3,272.009517,1.275888,813.324663,"cuStreamSynchronize"
"API calls",18.502182,220.342707,1,220.342707,220.342707,220.342707,"cuDevicePrimaryCtxRetain"
"API calls",8.220126,97.893576,1,97.893576,97.893576,97.893576,"cuDevicePrimaryCtxRelease"
"API calls",2.654131,31.608080,1,31.608080,31.608080,31.608080,"cuMemHostAlloc"
"API calls",0.896175,10.672558,1,10.672558,10.672558,10.672558,"cuMemFreeHost"
"API calls",0.763461,9.092068,38,0.239264,0.002335,1.286874,"cuEventSynchronize"
"API calls",0.288411,3.434693,4,0.858673,0.183958,1.462735,"cuMemAlloc"
"API calls",0.101977,1.214449,1,1.214449,1.214449,1.214449,"cuMemAllocHost"
"API calls",0.018248,0.217319,24,0.009054,0.007092,0.033497,"cuMemcpyHtoDAsync"
"API calls",0.009420,0.112183,1,0.112183,0.112183,0.112183,"cuModuleLoadDataEx"
"API calls",0.008513,0.101385,40,0.002534,0.001746,0.007409,"cuEventRecord"
"API calls",0.005999,0.071438,9,0.007937,0.005566,0.014875,"cuMemcpyDtoHAsync"
"API calls",0.004614,0.054950,1,0.054950,0.054950,0.054950,"cuLaunchKernel"
"API calls",0.001254,0.014938,1,0.014938,0.014938,0.014938,"cuStreamCreate"
"API calls",0.000789,0.009402,3,0.003134,0.002839,0.003321,"cuPointerGetAttributes"
"API calls",0.000757,0.009018,4,0.002254,0.000460,0.004453,"cuEventCreate"
"API calls",0.000695,0.008273,2,0.004136,0.001365,0.006908,"cuDeviceGetPCIBusId"
"API calls",0.000606,0.007217,3,0.002405,0.000334,0.006119,"cuCtxSetCurrent"
"API calls",0.000217,0.002585,1,0.002585,0.002585,0.002585,"cuModuleGetFunction"
"API calls",0.000172,0.002053,3,0.000684,0.000549,0.000863,"cuDeviceGetCount"
"API calls",0.000112,0.001332,2,0.000666,0.000287,0.001045,"cuDeviceGet"
"API calls",0.000094,0.001122,4,0.000280,0.000163,0.000451,"cuDeviceGetAttribute"
"API calls",0.000039,0.000462,1,0.000462,0.000462,0.000462,"cuCtxGetCurrent"
"API calls",0.000036,0.000432,1,0.000432,0.000432,0.000432,"cuDeviceComputeCapability"
"API calls",0.000032,0.000377,1,0.000377,0.000377,0.000377,"cuDriverGetVersion"
"OpenACC (excl)",88.242400,814.758620,2,407.379310,1.431840,813.326780,"acc_wait@matrix-acc-tile.c:20"
"OpenACC (excl)",9.092993,83.957306,1,83.957306,83.957306,83.957306,"acc_enter_data@matrix-acc-tile.c:20"
"OpenACC (excl)",2.256094,20.830935,1,20.830935,20.830935,20.830935,"acc_exit_data@matrix-acc-tile.c:20"
"OpenACC (excl)",0.337945,3.120309,1,3.120309,3.120309,3.120309,"acc_wait@matrix-acc-tile.c:28"
"OpenACC (excl)",0.031617,0.291922,24,0.012163,0.009099,0.050420,"acc_enqueue_upload@matrix-acc-tile.c:20"
"OpenACC (excl)",0.016608,0.153347,1,0.153347,0.153347,0.153347,"acc_device_init@matrix-acc-tile.c:20"
"OpenACC (excl)",0.013400,0.123724,9,0.013747,0.009144,0.030661,"acc_enqueue_download@matrix-acc-tile.c:28"
"OpenACC (excl)",0.006885,0.063568,1,0.063568,0.063568,0.063568,"acc_enqueue_launch@matrix-acc-tile.c:20 (matmul_20_gpu)"
"OpenACC (excl)",0.002059,0.019010,1,0.019010,0.019010,0.019010,"acc_compute_construct@matrix-acc-tile.c:20"
"OpenACC (excl)",0.000000,0.000000,3,0.000000,0.000000,0.000000,"acc_alloc@matrix-acc-tile.c:20"
"OpenACC (excl)",0.000000,0.000000,3,0.000000,0.000000,0.000000,"acc_delete@matrix-acc-tile.c:28"
"OpenACC (excl)",0.000000,0.000000,3,0.000000,0.000000,0.000000,"acc_create@matrix-acc-tile.c:20"

==26692== System profiling result:
"","Device","Count","Avg","Min","Max"
"SM Clock (MHz)","Tesla P100-PCIE-16GB (0)",548,1328.000000,1328.000000,1328.000000
"Memory Clock (MHz)","Tesla P100-PCIE-16GB (0)",548,715.000000,715.000000,715.000000
"Temperature (C)","Tesla P100-PCIE-16GB (0)",1095,31.012785,30.000000,33.000000
"Power (mW)","Tesla P100-PCIE-16GB (0)",1095,48242.642922,36014.000000,147171.000000
==26692== Warning: Some profiling data are not recorded. Make sure cudaProfilerStop() or cuProfilerStop() is called before application exit to flush profile data.
