==29564== NVPROF is profiling process 29564, command: ./matmul
==29564== Profiling application: ./matmul
==29564== Profiling result:
"Type","Time(%)","Time","Calls","Avg","Min","Max","Name"
,%,ms,,ms,ms,ms,
"GPU activities",94.766161,807.676810,1,807.676810,807.676810,807.676810,"matmul_22_gpu"
"GPU activities",4.034575,34.386039,24,1.432751,1.421396,1.439603,"[CUDA memcpy HtoD]"
"GPU activities",1.199263,10.221130,9,1.135681,0.003072,1.288949,"[CUDA memcpy DtoH]"
"API calls",68.105861,810.374613,3,270.124871,1.273009,807.677326,"cuStreamSynchronize"
"API calls",18.778455,223.440145,1,223.440145,223.440145,223.440145,"cuDevicePrimaryCtxRetain"
"API calls",8.241647,98.065298,1,98.065298,98.065298,98.065298,"cuDevicePrimaryCtxRelease"
"API calls",2.681915,31.911436,1,31.911436,31.911436,31.911436,"cuMemHostAlloc"
"API calls",0.986350,11.736327,1,11.736327,11.736327,11.736327,"cuMemFreeHost"
"API calls",0.764081,9.091606,38,0.239252,0.001497,1.297500,"cuEventSynchronize"
"API calls",0.287765,3.424043,4,0.856010,0.185664,1.461635,"cuMemAlloc"
"API calls",0.102907,1.224461,1,1.224461,1.224461,1.224461,"cuMemAllocHost"
"API calls",0.017397,0.207001,24,0.008625,0.006580,0.033796,"cuMemcpyHtoDAsync"
"API calls",0.009931,0.118170,1,0.118170,0.118170,0.118170,"cuModuleLoadDataEx"
"API calls",0.008690,0.103401,40,0.002585,0.001585,0.008941,"cuEventRecord"
"API calls",0.005812,0.069161,9,0.007684,0.005413,0.015630,"cuMemcpyDtoHAsync"
"API calls",0.004270,0.050806,1,0.050806,0.050806,0.050806,"cuLaunchKernel"
"API calls",0.001209,0.014385,1,0.014385,0.014385,0.014385,"cuStreamCreate"
"API calls",0.000806,0.009593,3,0.003197,0.002904,0.003781,"cuPointerGetAttributes"
"API calls",0.000720,0.008567,4,0.002141,0.000413,0.004583,"cuEventCreate"
"API calls",0.000701,0.008342,2,0.004171,0.001277,0.007065,"cuDeviceGetPCIBusId"
"API calls",0.000594,0.007066,3,0.002355,0.000302,0.005952,"cuCtxSetCurrent"
"API calls",0.000414,0.004930,1,0.004930,0.004930,0.004930,"cuModuleGetFunction"
"API calls",0.000180,0.002145,3,0.000715,0.000537,0.000929,"cuDeviceGetCount"
"API calls",0.000096,0.001147,2,0.000573,0.000245,0.000902,"cuDeviceGet"
"API calls",0.000094,0.001113,4,0.000278,0.000194,0.000471,"cuDeviceGetAttribute"
"API calls",0.000039,0.000470,1,0.000470,0.000470,0.000470,"cuDeviceComputeCapability"
"API calls",0.000037,0.000439,1,0.000439,0.000439,0.000439,"cuCtxGetCurrent"
"API calls",0.000028,0.000334,1,0.000334,0.000334,0.000334,"cuDriverGetVersion"
"OpenACC (excl)",87.873458,807.679317,1,807.679317,807.679317,807.679317,"acc_wait@matrix-acc-tile.c:22"
"OpenACC (excl)",9.279326,85.289911,1,85.289911,85.289911,85.289911,"acc_enter_data@matrix-acc-tile.c:20"
"OpenACC (excl)",2.276328,20.922622,1,20.922622,20.922622,20.922622,"acc_exit_data@matrix-acc-tile.c:20"
"OpenACC (excl)",0.345242,3.173251,1,3.173251,3.173251,3.173251,"acc_wait@matrix-acc-tile.c:31"
"OpenACC (excl)",0.155461,1.428902,1,1.428902,1.428902,1.428902,"acc_wait@matrix-acc-tile.c:20"
"OpenACC (excl)",0.030282,0.278332,24,0.011597,0.008717,0.050149,"acc_enqueue_upload@matrix-acc-tile.c:20"
"OpenACC (excl)",0.017494,0.160793,1,0.160793,0.160793,0.160793,"acc_device_init@matrix-acc-tile.c:20"
"OpenACC (excl)",0.013773,0.126589,9,0.014065,0.008669,0.032088,"acc_enqueue_download@matrix-acc-tile.c:31"
"OpenACC (excl)",0.006498,0.059723,1,0.059723,0.059723,0.059723,"acc_enqueue_launch@matrix-acc-tile.c:22 (matmul_22_gpu)"
"OpenACC (excl)",0.002140,0.019668,1,0.019668,0.019668,0.019668,"acc_compute_construct@matrix-acc-tile.c:22"
"OpenACC (excl)",0.000000,0.000000,3,0.000000,0.000000,0.000000,"acc_alloc@matrix-acc-tile.c:20"
"OpenACC (excl)",0.000000,0.000000,3,0.000000,0.000000,0.000000,"acc_create@matrix-acc-tile.c:20"
"OpenACC (excl)",0.000000,0.000000,3,0.000000,0.000000,0.000000,"acc_delete@matrix-acc-tile.c:31"

==29564== System profiling result:
"","Device","Count","Avg","Min","Max"
"SM Clock (MHz)","Tesla P100-PCIE-16GB (0)",554,1328.000000,1328.000000,1328.000000
"Memory Clock (MHz)","Tesla P100-PCIE-16GB (0)",554,715.000000,715.000000,715.000000
"Temperature (C)","Tesla P100-PCIE-16GB (0)",1107,31.049684,31.000000,33.000000
"Power (mW)","Tesla P100-PCIE-16GB (0)",1107,48194.535682,36014.000000,144525.000000
